#
# There is insufficient memory for the Java Runtime Environment to continue.
# Native memory allocation (malloc) failed to allocate 1035696 bytes for Chunk::new
# Possible reasons:
#   The system is out of physical RAM or swap space
#   In 32 bit mode, the process size limit was hit
# Possible solutions:
#   Reduce memory load on the system
#   Increase physical memory or swap space
#   Check if swap backing store is full
#   Use 64 bit Java on a 64 bit OS
#   Decrease Java heap size (-Xmx/-Xms)
#   Decrease number of Java threads
#   Decrease Java thread stack sizes (-Xss)
#   Set larger code cache with -XX:ReservedCodeCacheSize=
# This output file may be truncated or incomplete.
#
#  Out of Memory Error (allocation.cpp:390), pid=1473908, tid=0x000000000016b628
#
# JRE version: Java(TM) SE Runtime Environment (8.0_144-b01) (build 1.8.0_144-b01)
# Java VM: Java HotSpot(TM) 64-Bit Server VM (25.144-b01 mixed mode windows-amd64 compressed oops)
# Failed to write core dump. Minidumps are not enabled by default on client versions of Windows
#

---------------  T H R E A D  ---------------

Current thread (0x0000000054eac000):  JavaThread "C2 CompilerThread0" daemon [_thread_in_native, id=1488424, stack(0x0000000055fa0000,0x00000000560a0000)]

Stack: [0x0000000055fa0000,0x00000000560a0000]
[error occurred during error reporting (printing stack bounds), id 0xc0000005]

Native frames: (J=compiled Java code, j=interpreted, Vv=VM code, C=native code)


Current CompileTask:
C2:  10727 3841       4       java.net.URLClassLoader$1::run (5 bytes)


---------------  P R O C E S S  ---------------

Java Threads: ( => current thread )
  0x0000000057a19000 JavaThread "Thread-1" daemon [_thread_in_native, id=1506760, stack(0x00000000587b0000,0x00000000588b0000)]
  0x0000000054f0b800 JavaThread "Service Thread" daemon [_thread_blocked, id=1461600, stack(0x00000000566e0000,0x00000000567e0000)]
  0x0000000054f08800 JavaThread "C1 CompilerThread1" daemon [_thread_blocked, id=1466652, stack(0x00000000560e0000,0x00000000561e0000)]
=>0x0000000054eac000 JavaThread "C2 CompilerThread0" daemon [_thread_in_native, id=1488424, stack(0x0000000055fa0000,0x00000000560a0000)]
  0x0000000054ea9800 JavaThread "Attach Listener" daemon [_thread_blocked, id=1871460, stack(0x0000000055b80000,0x0000000055c80000)]
  0x0000000054ea8000 JavaThread "Signal Dispatcher" daemon [_thread_blocked, id=1459592, stack(0x0000000055cc0000,0x0000000055dc0000)]
  0x0000000054e8f000 JavaThread "Finalizer" daemon [_thread_blocked, id=1503428, stack(0x0000000055700000,0x0000000055800000)]
  0x0000000054e46000 JavaThread "Reference Handler" daemon [_thread_blocked, id=1878820, stack(0x0000000055920000,0x0000000055a20000)]
  0x000000000227f000 JavaThread "main" [_thread_in_native, id=1475732, stack(0x00000000024b0000,0x00000000025b0000)]

Other Threads:
  0x0000000054e3e000 VMThread [stack: 0x0000000055800000,0x0000000055900000] [id=1472648]
  0x00000000561e8800 WatcherThread [stack: 0x00000000568a0000,0x00000000569a0000] [id=1486428]

VM state:not at safepoint (normal execution)

VM Mutex/Monitor currently owned by a thread: None

Heap:
 PSYoungGen      total 86528K, used 16757K [0x00000000eab00000, 0x00000000f3600000, 0x0000000100000000)
  eden space 77312K, 12% used [0x00000000eab00000,0x00000000eb4ca1c0,0x00000000ef680000)
  from space 9216K, 73% used [0x00000000ef680000,0x00000000efd13518,0x00000000eff80000)
  to   space 9216K, 0% used [0x00000000f2d00000,0x00000000f2d00000,0x00000000f3600000)
 ParOldGen       total 44032K, used 34446K [0x00000000c0000000, 0x00000000c2b00000, 0x00000000eab00000)
  object space 44032K, 78% used [0x00000000c0000000,0x00000000c21a3af0,0x00000000c2b00000)
 Metaspace       used 18123K, capacity 18656K, committed 18944K, reserved 1067008K
  class space    used 2060K, capacity 2225K, committed 2304K, reserved 1048576K

Card table byte_map: [0x0000000011c40000,0x0000000011e50000] byte_map_base: 0x0000000011640000

Marking Bits: (ParMarkBitMap*) 0x000000007143d850
 Begin Bits: [0x0000000012310000, 0x0000000013310000)
 End Bits:   [0x0000000013310000, 0x0000000014310000)

Polling page: 0x0000000000130000

CodeCache: size=245760Kb used=12283Kb max_used=12782Kb free=233476Kb
 bounds [0x0000000002880000, 0x0000000003520000, 0x0000000011880000]
 total_blobs=3769 nmethods=3407 adapters=274
 compilation: enabled

Compilation events (10 events):
Event: 10.646 Thread 0x0000000054eac000 3835       4       org.eclipse.sisu.bean.DeclaredMembers$MemberIterator::next (5 bytes)
Event: 10.647 Thread 0x0000000054eac000 nmethod 3835 0x0000000002e19e10 code [0x0000000002e19f60, 0x0000000002e1a028]
Event: 10.651 Thread 0x0000000054f08800 nmethod 3837 0x0000000003506a50 code [0x0000000003507bc0, 0x0000000003515588]
Event: 10.656 Thread 0x0000000054f08800 3838       3       java.lang.System::getProperty (25 bytes)
Event: 10.656 Thread 0x0000000054f08800 nmethod 3838 0x0000000002b67cd0 code [0x0000000002b67ea0, 0x0000000002b68508]
Event: 10.660 Thread 0x0000000054eac000 3839       4       org.codehaus.plexus.classworlds.realm.ClassRealm::getImportClassLoader (47 bytes)
Event: 10.664 Thread 0x0000000054eac000 nmethod 3839 0x0000000002f7f090 code [0x0000000002f7f220, 0x0000000002f7f5e8]
Event: 10.664 Thread 0x0000000054eac000 3840   !   4       java.net.URLClassLoader::findClass (47 bytes)
Event: 10.666 Thread 0x0000000054eac000 nmethod 3840 0x0000000002f7fdd0 code [0x0000000002f7ff60, 0x0000000002f80138]
Event: 10.666 Thread 0x0000000054eac000 3841       4       java.net.URLClassLoader$1::run (5 bytes)

GC Heap History (10 events):
Event: 4.580 GC heap before
{Heap before GC invocations=9 (full 0):
 PSYoungGen      total 37376K, used 37376K [0x00000000eab00000, 0x00000000edb00000, 0x0000000100000000)
  eden space 30208K, 100% used [0x00000000eab00000,0x00000000ec880000,0x00000000ec880000)
  from space 7168K, 100% used [0x00000000ed100000,0x00000000ed800000,0x00000000ed800000)
  to   space 8704K, 0% used [0x00000000ec880000,0x00000000ec880000,0x00000000ed100000)
 ParOldGen       total 44032K, used 9201K [0x00000000c0000000, 0x00000000c2b00000, 0x00000000eab00000)
  object space 44032K, 20% used [0x00000000c0000000,0x00000000c08fc7a8,0x00000000c2b00000)
 Metaspace       used 15364K, capacity 15598K, committed 15872K, reserved 1062912K
  class space    used 1843K, capacity 1941K, committed 2048K, reserved 1048576K
Event: 4.628 GC heap after
Heap after GC invocations=9 (full 0):
 PSYoungGen      total 38912K, used 8048K [0x00000000eab00000, 0x00000000eec80000, 0x0000000100000000)
  eden space 30208K, 0% used [0x00000000eab00000,0x00000000eab00000,0x00000000ec880000)
  from space 8704K, 92% used [0x00000000ec880000,0x00000000ed05c048,0x00000000ed100000)
  to   space 9216K, 0% used [0x00000000ee380000,0x00000000ee380000,0x00000000eec80000)
 ParOldGen       total 44032K, used 12469K [0x00000000c0000000, 0x00000000c2b00000, 0x00000000eab00000)
  object space 44032K, 28% used [0x00000000c0000000,0x00000000c0c2d7b8,0x00000000c2b00000)
 Metaspace       used 15364K, capacity 15598K, committed 15872K, reserved 1062912K
  class space    used 1843K, capacity 1941K, committed 2048K, reserved 1048576K
}
Event: 5.521 GC heap before
{Heap before GC invocations=10 (full 0):
 PSYoungGen      total 38912K, used 38256K [0x00000000eab00000, 0x00000000eec80000, 0x0000000100000000)
  eden space 30208K, 100% used [0x00000000eab00000,0x00000000ec880000,0x00000000ec880000)
  from space 8704K, 92% used [0x00000000ec880000,0x00000000ed05c048,0x00000000ed100000)
  to   space 9216K, 0% used [0x00000000ee380000,0x00000000ee380000,0x00000000eec80000)
 ParOldGen       total 44032K, used 12469K [0x00000000c0000000, 0x00000000c2b00000, 0x00000000eab00000)
  object space 44032K, 28% used [0x00000000c0000000,0x00000000c0c2d7b8,0x00000000c2b00000)
 Metaspace       used 15494K, capacity 15738K, committed 16128K, reserved 1062912K
  class space    used 1846K, capacity 1943K, committed 2048K, reserved 1048576K
Event: 5.535 GC heap after
Heap after GC invocations=10 (full 0):
 PSYoungGen      total 57344K, used 6976K [0x00000000eab00000, 0x00000000eed80000, 0x0000000100000000)
  eden space 48128K, 0% used [0x00000000eab00000,0x00000000eab00000,0x00000000eda00000)
  from space 9216K, 75% used [0x00000000ee380000,0x00000000eea50000,0x00000000eec80000)
  to   space 9728K, 0% used [0x00000000eda00000,0x00000000eda00000,0x00000000ee380000)
 ParOldGen       total 44032K, used 16395K [0x00000000c0000000, 0x00000000c2b00000, 0x00000000eab00000)
  object space 44032K, 37% used [0x00000000c0000000,0x00000000c1002d90,0x00000000c2b00000)
 Metaspace       used 15494K, capacity 15738K, committed 16128K, reserved 1062912K
  class space    used 1846K, capacity 1943K, committed 2048K, reserved 1048576K
}
Event: 6.391 GC heap before
{Heap before GC invocations=11 (full 0):
 PSYoungGen      total 57344K, used 55104K [0x00000000eab00000, 0x00000000eed80000, 0x0000000100000000)
  eden space 48128K, 100% used [0x00000000eab00000,0x00000000eda00000,0x00000000eda00000)
  from space 9216K, 75% used [0x00000000ee380000,0x00000000eea50000,0x00000000eec80000)
  to   space 9728K, 0% used [0x00000000eda00000,0x00000000eda00000,0x00000000ee380000)
 ParOldGen       total 44032K, used 16395K [0x00000000c0000000, 0x00000000c2b00000, 0x00000000eab00000)
  object space 44032K, 37% used [0x00000000c0000000,0x00000000c1002d90,0x00000000c2b00000)
 Metaspace       used 15781K, capacity 16024K, committed 16384K, reserved 1062912K
  class space    used 1851K, capacity 1948K, committed 2048K, reserved 1048576K
Event: 6.407 GC heap after
Heap after GC invocations=11 (full 0):
 PSYoungGen      total 57856K, used 6464K [0x00000000eab00000, 0x00000000f0980000, 0x0000000100000000)
  eden space 48128K, 0% used [0x00000000eab00000,0x00000000eab00000,0x00000000eda00000)
  from space 9728K, 66% used [0x00000000eda00000,0x00000000ee050000,0x00000000ee380000)
  to   space 9728K, 0% used [0x00000000f0000000,0x00000000f0000000,0x00000000f0980000)
 ParOldGen       total 44032K, used 23182K [0x00000000c0000000, 0x00000000c2b00000, 0x00000000eab00000)
  object space 44032K, 52% used [0x00000000c0000000,0x00000000c16a3820,0x00000000c2b00000)
 Metaspace       used 15781K, capacity 16024K, committed 16384K, reserved 1062912K
  class space    used 1851K, capacity 1948K, committed 2048K, reserved 1048576K
}
Event: 7.559 GC heap before
{Heap before GC invocations=12 (full 0):
 PSYoungGen      total 57856K, used 54592K [0x00000000eab00000, 0x00000000f0980000, 0x0000000100000000)
  eden space 48128K, 100% used [0x00000000eab00000,0x00000000eda00000,0x00000000eda00000)
  from space 9728K, 66% used [0x00000000eda00000,0x00000000ee050000,0x00000000ee380000)
  to   space 9728K, 0% used [0x00000000f0000000,0x00000000f0000000,0x00000000f0980000)
 ParOldGen       total 44032K, used 23182K [0x00000000c0000000, 0x00000000c2b00000, 0x00000000eab00000)
  object space 44032K, 52% used [0x00000000c0000000,0x00000000c16a3820,0x00000000c2b00000)
 Metaspace       used 16011K, capacity 16216K, committed 16384K, reserved 1062912K
  class space    used 1852K, capacity 1948K, committed 2048K, reserved 1048576K
Event: 7.573 GC heap after
Heap after GC invocations=12 (full 0):
 PSYoungGen      total 86016K, used 5696K [0x00000000eab00000, 0x00000000f0880000, 0x0000000100000000)
  eden space 77312K, 0% used [0x00000000eab00000,0x00000000eab00000,0x00000000ef680000)
  from space 8704K, 65% used [0x00000000f0000000,0x00000000f0590000,0x00000000f0880000)
  to   space 9216K, 0% used [0x00000000ef680000,0x00000000ef680000,0x00000000eff80000)
 ParOldGen       total 44032K, used 29307K [0x00000000c0000000, 0x00000000c2b00000, 0x00000000eab00000)
  object space 44032K, 66% used [0x00000000c0000000,0x00000000c1c9ece8,0x00000000c2b00000)
 Metaspace       used 16011K, capacity 16216K, committed 16384K, reserved 1062912K
  class space    used 1852K, capacity 1948K, committed 2048K, reserved 1048576K
}
Event: 10.415 GC heap before
{Heap before GC invocations=13 (full 0):
 PSYoungGen      total 86016K, used 83008K [0x00000000eab00000, 0x00000000f0880000, 0x0000000100000000)
  eden space 77312K, 100% used [0x00000000eab00000,0x00000000ef680000,0x00000000ef680000)
  from space 8704K, 65% used [0x00000000f0000000,0x00000000f0590000,0x00000000f0880000)
  to   space 9216K, 0% used [0x00000000ef680000,0x00000000ef680000,0x00000000eff80000)
 ParOldGen       total 44032K, used 29307K [0x00000000c0000000, 0x00000000c2b00000, 0x00000000eab00000)
  object space 44032K, 66% used [0x00000000c0000000,0x00000000c1c9ece8,0x00000000c2b00000)
 Metaspace       used 17519K, capacity 17960K, committed 18304K, reserved 1064960K
  class space    used 2007K, capacity 2126K, committed 2176K, reserved 1048576K
Event: 10.430 GC heap after
Heap after GC invocations=13 (full 0):
 PSYoungGen      total 86528K, used 6733K [0x00000000eab00000, 0x00000000f3600000, 0x0000000100000000)
  eden space 77312K, 0% used [0x00000000eab00000,0x00000000eab00000,0x00000000ef680000)
  from space 9216K, 73% used [0x00000000ef680000,0x00000000efd13518,0x00000000eff80000)
  to   space 9216K, 0% used [0x00000000f2d00000,0x00000000f2d00000,0x00000000f3600000)
 ParOldGen       total 44032K, used 34446K [0x00000000c0000000, 0x00000000c2b00000, 0x00000000eab00000)
  object space 44032K, 78% used [0x00000000c0000000,0x00000000c21a3af0,0x00000000c2b00000)
 Metaspace       used 17519K, capacity 17960K, committed 18304K, reserved 1064960K
  class space    used 2007K, capacity 2126K, committed 2176K, reserved 1048576K
}

Deoptimization events (10 events):
Event: 8.703 Thread 0x000000000227f000 Uncommon trap: reason=class_check action=maybe_recompile pc=0x0000000003200448 method=org.eclipse.sisu.wire.EntryListAdapter$ValueIterator.hasNext()Z @ 4
Event: 8.729 Thread 0x000000000227f000 Uncommon trap: reason=unstable_if action=reinterpret pc=0x0000000002de58b4 method=sun.net.www.protocol.jar.Handler.parseURL(Ljava/net/URL;Ljava/lang/String;II)V @ 94
Event: 8.762 Thread 0x000000000227f000 Uncommon trap: reason=bimorphic action=maybe_recompile pc=0x0000000002e86f7c method=java.util.regex.Pattern$CharProperty.match(Ljava/util/regex/Matcher;ILjava/lang/CharSequence;)Z @ 37
Event: 8.788 Thread 0x000000000227f000 Uncommon trap: reason=unstable_if action=reinterpret pc=0x00000000034b868c method=java.util.IdentityHashMap.put(Ljava/lang/Object;Ljava/lang/Object;)Ljava/lang/Object; @ 90
Event: 8.790 Thread 0x000000000227f000 Uncommon trap: reason=null_check action=make_not_entrant pc=0x0000000003189918 method=org.eclipse.sisu.plexus.ClassRealmManager.visibleRealmNames(Lorg/codehaus/plexus/classworlds/realm/ClassRealm;)Ljava/util/Set; @ 19
Event: 9.309 Thread 0x000000000227f000 Uncommon trap: reason=class_check action=maybe_recompile pc=0x0000000003200448 method=org.eclipse.sisu.wire.EntryListAdapter$ValueIterator.hasNext()Z @ 4
Event: 9.347 Thread 0x000000000227f000 Uncommon trap: reason=bimorphic action=maybe_recompile pc=0x0000000002e86f7c method=java.util.regex.Pattern$CharProperty.match(Ljava/util/regex/Matcher;ILjava/lang/CharSequence;)Z @ 37
Event: 9.352 Thread 0x000000000227f000 Uncommon trap: reason=unstable_if action=reinterpret pc=0x00000000030dd838 method=com.google.inject.internal.InjectorImpl.callInContext(Lcom/google/inject/internal/ContextualCallable;)Ljava/lang/Object; @ 161
Event: 10.519 Thread 0x000000000227f000 Uncommon trap: reason=class_check action=maybe_recompile pc=0x0000000003200448 method=org.eclipse.sisu.wire.EntryListAdapter$ValueIterator.hasNext()Z @ 4
Event: 10.624 Thread 0x000000000227f000 Uncommon trap: reason=bimorphic action=maybe_recompile pc=0x0000000002e86f7c method=java.util.regex.Pattern$CharProperty.match(Ljava/util/regex/Matcher;ILjava/lang/CharSequence;)Z @ 37

Internal exceptions (10 events):
Event: 3.146 Thread 0x000000000227f000 Exception <a 'java/lang/NullPointerException'> (0x00000000eb9a81b8) thrown at [C:\re\workspace\8-2-build-windows-amd64-cygwin\jdk8u144\9417\hotspot\src\share\vm\interpreter\linkResolver.cpp, line 1197]
Event: 3.146 Thread 0x000000000227f000 Exception <a 'java/lang/NullPointerException'> (0x00000000eb9a83d0) thrown at [C:\re\workspace\8-2-build-windows-amd64-cygwin\jdk8u144\9417\hotspot\src\share\vm\interpreter\linkResolver.cpp, line 1197]
Event: 3.146 Thread 0x000000000227f000 Exception <a 'java/lang/NullPointerException'> (0x00000000eb9a85e8) thrown at [C:\re\workspace\8-2-build-windows-amd64-cygwin\jdk8u144\9417\hotspot\src\share\vm\interpreter\linkResolver.cpp, line 1197]
Event: 3.477 Thread 0x000000000227f000 Implicit null exception at 0x0000000002e77fa7 to 0x0000000002e781f1
Event: 4.457 Thread 0x000000000227f000 Implicit null exception at 0x0000000002b11105 to 0x0000000002b112fd
Event: 4.795 Thread 0x000000000227f000 Implicit null exception at 0x0000000003084fe7 to 0x0000000003085231
Event: 4.864 Thread 0x000000000227f000 Implicit null exception at 0x00000000030b3b71 to 0x00000000030b6919
Event: 8.790 Thread 0x000000000227f000 Implicit null exception at 0x00000000031891b5 to 0x00000000031898fd
Event: 9.352 Thread 0x000000000227f000 Implicit null exception at 0x00000000030dc61b to 0x00000000030dd819
Event: 10.655 Thread 0x000000000227f000 Exception <a 'java/lang/NoSuchMethodError': org.apache.maven.execution.MavenExecutionRequest.getFailureBehavior()Ljava/lang/String;> (0x00000000eb3de690) thrown at [C:\re\workspace\8-2-build-windows-amd64-cygwin\jdk8u144\9417\hotspot\src\share\vm\interpre

Events (10 events):
Event: 10.656 loading class org/apache/maven/surefire/shade/org/apache/maven/shared/utils/StringUtils done
Event: 10.656 loading class org/apache/maven/surefire/shade/org/apache/maven/shared/utils/StringUtils
Event: 10.656 loading class org/apache/maven/surefire/shade/org/apache/maven/shared/utils/StringUtils done
Event: 10.656 loading class org/apache/maven/surefire/shade/org/apache/commons/lang3/JavaVersion
Event: 10.656 loading class org/apache/maven/surefire/shade/org/apache/commons/lang3/JavaVersion done
Event: 10.660 loading class org/apache/maven/surefire/util/internal/StringUtils
Event: 10.660 loading class org/apache/maven/surefire/util/internal/StringUtils done
Event: 10.660 loading class org/apache/maven/surefire/util/internal/StringUtils
Event: 10.660 loading class org/apache/maven/surefire/util/internal/StringUtils done
Event: 10.719 loading class java/nio/charset/CharacterCodingException


Dynamic libraries:
0x000000013ff70000 - 0x000000013ffa7000 	C:\Program Files\Java\jdk1.8.0_144\bin\java.exe
0x0000000077b80000 - 0x0000000077d29000 	C:\Windows\SYSTEM32\ntdll.dll
0x0000000077960000 - 0x0000000077a7f000 	C:\Windows\system32\kernel32.dll
0x000007fefdbc0000 - 0x000007fefdc2b000 	C:\Windows\system32\KERNELBASE.dll
0x000007fefe670000 - 0x000007fefe74b000 	C:\Windows\system32\ADVAPI32.dll
0x000007fefe750000 - 0x000007fefe7ef000 	C:\Windows\system32\msvcrt.dll
0x000007fefe240000 - 0x000007fefe25f000 	C:\Windows\SYSTEM32\sechost.dll
0x000007feff620000 - 0x000007feff74d000 	C:\Windows\system32\RPCRT4.dll
0x0000000077a80000 - 0x0000000077b7a000 	C:\Windows\system32\USER32.dll
0x000007fefe2c0000 - 0x000007fefe327000 	C:\Windows\system32\GDI32.dll
0x000007feffbf0000 - 0x000007feffbfe000 	C:\Windows\system32\LPK.dll
0x000007feffaa0000 - 0x000007feffb69000 	C:\Windows\system32\USP10.dll
0x000007fefc440000 - 0x000007fefc634000 	C:\Windows\WinSxS\amd64_microsoft.windows.common-controls_6595b64144ccf1df_6.0.7601.17514_none_fa396087175ac9ac\COMCTL32.dll
0x000007feffb70000 - 0x000007feffbe1000 	C:\Windows\system32\SHLWAPI.dll
0x000007feffe60000 - 0x000007feffe8e000 	C:\Windows\system32\IMM32.DLL
0x000007fefdea0000 - 0x000007fefdfa9000 	C:\Windows\system32\MSCTF.dll
0x00000000724a0000 - 0x0000000072572000 	C:\Program Files\Java\jdk1.8.0_144\jre\bin\msvcr100.dll
0x0000000070c20000 - 0x00000000714bd000 	C:\Program Files\Java\jdk1.8.0_144\jre\bin\server\jvm.dll
0x000007fefa930000 - 0x000007fefa939000 	C:\Windows\system32\WSOCK32.dll
0x000007feff750000 - 0x000007feff79d000 	C:\Windows\system32\WS2_32.dll
0x000007fefe190000 - 0x000007fefe198000 	C:\Windows\system32\NSI.dll
0x000007fef4b60000 - 0x000007fef4b9b000 	C:\Windows\system32\WINMM.dll
0x000007fefcc30000 - 0x000007fefcc3c000 	C:\Windows\system32\VERSION.dll
0x0000000077d50000 - 0x0000000077d57000 	C:\Windows\system32\PSAPI.DLL
0x0000000074580000 - 0x000000007458f000 	C:\Program Files\Java\jdk1.8.0_144\jre\bin\verify.dll
0x0000000073ca0000 - 0x0000000073cc9000 	C:\Program Files\Java\jdk1.8.0_144\jre\bin\java.dll
0x0000000074470000 - 0x0000000074486000 	C:\Program Files\Java\jdk1.8.0_144\jre\bin\zip.dll
0x000007fefe890000 - 0x000007feff618000 	C:\Windows\system32\SHELL32.dll
0x000007fefe330000 - 0x000007fefe533000 	C:\Windows\system32\ole32.dll
0x000007fefdad0000 - 0x000007fefdadf000 	C:\Windows\system32\profapi.dll
0x000007fefc670000 - 0x000007fefc67a000 	C:\java cognizant\apache-maven-3.5.0-bin\apache-maven-3.5.0\lib\jansi-native\windows64\jansi.dll
0x0000000072e20000 - 0x0000000072e3a000 	C:\Program Files\Java\jdk1.8.0_144\jre\bin\net.dll
0x000007fefd300000 - 0x000007fefd355000 	C:\Windows\system32\mswsock.dll
0x000007fefd2f0000 - 0x000007fefd2f7000 	C:\Windows\System32\wship6.dll
0x0000000072e00000 - 0x0000000072e11000 	C:\Program Files\Java\jdk1.8.0_144\jre\bin\nio.dll

VM Arguments:
jvm_args: -Dclassworlds.conf=C:\java cognizant\apache-maven-3.5.0-bin\apache-maven-3.5.0\bin\..\bin\m2.conf -Dmaven.home=C:\java cognizant\apache-maven-3.5.0-bin\apache-maven-3.5.0\bin\.. -Dmaven.multiModuleProjectDirectory=C:\Users\Admin\FD\REST\Currency-Conversion-Service 
java_command: org.codehaus.plexus.classworlds.launcher.Launcher package
java_class_path (initial): C:\java cognizant\apache-maven-3.5.0-bin\apache-maven-3.5.0\bin\..\boot\plexus-classworlds-2.5.2.jar
Launcher Type: SUN_STANDARD

Environment Variables:
JAVA_HOME=C:\Program Files\Java\jdk1.8.0_144
PATH=C:\ProgramData\Oracle\Java\javapath;C:\Windows\system32;C:\Windows;C:\Windows\System32\Wbem;C:\Windows\System32\WindowsPowerShell\v1.0\;C:\Program Files (x86)\nodejs\;C:\Program Files (x86)\MySQL\MySQL Fabric 1.5 & MySQL Utilities 1.5\;C:\Program Files (x86)\MySQL\MySQL Fabric 1.5 & MySQL Utilities 1.5\Doctrine extensions for PHP\;C:\Program Files\Git\cmd;C:\java cognizant\apache-maven-3.5.0-bin\apache-maven-3.5.0\bin;C:\Program Files\Cloud Foundry;C:\Users\Admin\AppData\Roaming\npm;C:\Program Files\Microsoft VS Code\bin
USERNAME=Admin
OS=Windows_NT
PROCESSOR_IDENTIFIER=Intel64 Family 6 Model 85 Stepping 4, GenuineIntel



---------------  S Y S T E M  ---------------

OS: Windows 7 , 64 bit Build 7601 (6.1.7601.17514)

CPU:total 2 (initial active 2) (2 cores per cpu, 1 threads per core) family 6 model 85 stepping 4, cmov, cx8, fxsr, mmx, sse, sse2, sse3, ssse3, sse4.1, sse4.2, popcnt, avx, avx2, aes, clmul, erms, rtm, 3dnowpref, lzcnt, tsc, bmi1, bmi2

Memory: 4k page, physical 4193848k(210248k free), swap 16773548k(5148k free)

vm_info: Java HotSpot(TM) 64-Bit Server VM (25.144-b01) for windows-amd64 JRE (1.8.0_144-b01), built on Jul 21 2017 21:57:33 by "java_re" with MS VC++ 10.0 (VS2010)

time: Fri Jul 19 20:53:09 2019
elapsed time: 10 seconds (0d 0h 0m 10s)

